<?xml version="1.0" encoding="UTF-8"?>
<<<<<<< HEAD
<testsuite xmlns:xsi="http://www.w3.org/2001/XMLSchema-instance" xsi:noNamespaceSchemaLocation="https://maven.apache.org/surefire/maven-surefire-plugin/xsd/surefire-test-report-3.0.xsd" version="3.0" name="com.ucveats.controller.AuthServiceLoginTest" time="0.221" tests="5" errors="0" skipped="0" failures="0">
=======
<testsuite xmlns:xsi="http://www.w3.org/2001/XMLSchema-instance" xsi:noNamespaceSchemaLocation="https://maven.apache.org/surefire/maven-surefire-plugin/xsd/surefire-test-report-3.0.xsd" version="3.0" name="com.ucveats.controller.AuthServiceLoginTest" time="0.457" tests="5" errors="0" skipped="0" failures="0">
>>>>>>> 5ab0f945118ab51c788111386ddee8ecf7766ae5
  <properties>
    <property name="java.specification.version" value="24"/>
    <property name="sun.cpu.isalist" value="amd64"/>
    <property name="sun.jnu.encoding" value="Cp1252"/>
<<<<<<< HEAD
    <property name="java.class.path" value="D:\archivos\Documents\01 UCV\01-2025\ing software\IS-12-C1\target\test-classes;D:\archivos\Documents\01 UCV\01-2025\ing software\IS-12-C1\target\classes;C:\Users\luisa\.m2\repository\org\junit\jupiter\junit-jupiter\5.10.2\junit-jupiter-5.10.2.jar;C:\Users\luisa\.m2\repository\org\junit\jupiter\junit-jupiter-api\5.10.2\junit-jupiter-api-5.10.2.jar;C:\Users\luisa\.m2\repository\org\opentest4j\opentest4j\1.3.0\opentest4j-1.3.0.jar;C:\Users\luisa\.m2\repository\org\junit\platform\junit-platform-commons\1.10.2\junit-platform-commons-1.10.2.jar;C:\Users\luisa\.m2\repository\org\apiguardian\apiguardian-api\1.1.2\apiguardian-api-1.1.2.jar;C:\Users\luisa\.m2\repository\org\junit\jupiter\junit-jupiter-params\5.10.2\junit-jupiter-params-5.10.2.jar;C:\Users\luisa\.m2\repository\org\junit\jupiter\junit-jupiter-engine\5.10.2\junit-jupiter-engine-5.10.2.jar;C:\Users\luisa\.m2\repository\org\junit\platform\junit-platform-engine\1.10.2\junit-platform-engine-1.10.2.jar;C:\Users\luisa\.m2\repository\com\toedter\jcalendar\1.4\jcalendar-1.4.jar;"/>
=======
    <property name="java.class.path" value="c:\Users\ltuser\OneDrive - Cruz Roja Venezolana\Documentos\IS-12-C1\target\test-classes;c:\Users\ltuser\OneDrive - Cruz Roja Venezolana\Documentos\IS-12-C1\target\classes;C:\Users\ltuser\.m2\repository\org\junit\jupiter\junit-jupiter\5.10.2\junit-jupiter-5.10.2.jar;C:\Users\ltuser\.m2\repository\org\junit\jupiter\junit-jupiter-api\5.10.2\junit-jupiter-api-5.10.2.jar;C:\Users\ltuser\.m2\repository\org\opentest4j\opentest4j\1.3.0\opentest4j-1.3.0.jar;C:\Users\ltuser\.m2\repository\org\junit\platform\junit-platform-commons\1.10.2\junit-platform-commons-1.10.2.jar;C:\Users\ltuser\.m2\repository\org\apiguardian\apiguardian-api\1.1.2\apiguardian-api-1.1.2.jar;C:\Users\ltuser\.m2\repository\org\junit\jupiter\junit-jupiter-params\5.10.2\junit-jupiter-params-5.10.2.jar;C:\Users\ltuser\.m2\repository\org\junit\jupiter\junit-jupiter-engine\5.10.2\junit-jupiter-engine-5.10.2.jar;C:\Users\ltuser\.m2\repository\org\junit\platform\junit-platform-engine\1.10.2\junit-platform-engine-1.10.2.jar;C:\Users\ltuser\.m2\repository\com\toedter\jcalendar\1.4\jcalendar-1.4.jar;"/>
>>>>>>> 5ab0f945118ab51c788111386ddee8ecf7766ae5
    <property name="java.vm.vendor" value="Oracle Corporation"/>
    <property name="sun.arch.data.model" value="64"/>
    <property name="user.variant" value=""/>
    <property name="java.vendor.url" value="https://java.oracle.com/"/>
    <property name="user.timezone" value="America/Caracas"/>
<<<<<<< HEAD
    <property name="os.name" value="Windows 11"/>
    <property name="java.vm.specification.version" value="24"/>
    <property name="sun.java.launcher" value="SUN_STANDARD"/>
    <property name="user.country" value="ES"/>
    <property name="sun.boot.library.path" value="C:\Program Files\Java\jdk-24\bin"/>
    <property name="sun.java.command" value="C:\Users\luisa\AppData\Local\Temp\surefire11694850556321471461\surefirebooter-20250801034701438_3.jar C:\Users\luisa\AppData\Local\Temp\surefire11694850556321471461 2025-08-01T03-47-01_255-jvmRun1 surefire-20250801034701438_1tmp surefire_0-20250801034701438_2tmp"/>
    <property name="jdk.debug" value="release"/>
    <property name="surefire.test.class.path" value="D:\archivos\Documents\01 UCV\01-2025\ing software\IS-12-C1\target\test-classes;D:\archivos\Documents\01 UCV\01-2025\ing software\IS-12-C1\target\classes;C:\Users\luisa\.m2\repository\org\junit\jupiter\junit-jupiter\5.10.2\junit-jupiter-5.10.2.jar;C:\Users\luisa\.m2\repository\org\junit\jupiter\junit-jupiter-api\5.10.2\junit-jupiter-api-5.10.2.jar;C:\Users\luisa\.m2\repository\org\opentest4j\opentest4j\1.3.0\opentest4j-1.3.0.jar;C:\Users\luisa\.m2\repository\org\junit\platform\junit-platform-commons\1.10.2\junit-platform-commons-1.10.2.jar;C:\Users\luisa\.m2\repository\org\apiguardian\apiguardian-api\1.1.2\apiguardian-api-1.1.2.jar;C:\Users\luisa\.m2\repository\org\junit\jupiter\junit-jupiter-params\5.10.2\junit-jupiter-params-5.10.2.jar;C:\Users\luisa\.m2\repository\org\junit\jupiter\junit-jupiter-engine\5.10.2\junit-jupiter-engine-5.10.2.jar;C:\Users\luisa\.m2\repository\org\junit\platform\junit-platform-engine\1.10.2\junit-platform-engine-1.10.2.jar;C:\Users\luisa\.m2\repository\com\toedter\jcalendar\1.4\jcalendar-1.4.jar;"/>
    <property name="sun.cpu.endian" value="little"/>
    <property name="user.home" value="C:\Users\luisa"/>
    <property name="user.language" value="es"/>
    <property name="java.specification.vendor" value="Oracle Corporation"/>
    <property name="java.version.date" value="2025-04-15"/>
    <property name="java.home" value="C:\Program Files\Java\jdk-24"/>
    <property name="file.separator" value="\"/>
    <property name="basedir" value="D:\archivos\Documents\01 UCV\01-2025\ing software\IS-12-C1"/>
    <property name="java.vm.compressedOopsMode" value="Zero based"/>
    <property name="line.separator" value="&#10;"/>
    <property name="java.vm.specification.vendor" value="Oracle Corporation"/>
    <property name="java.specification.name" value="Java Platform API Specification"/>
    <property name="surefire.real.class.path" value="C:\Users\luisa\AppData\Local\Temp\surefire11694850556321471461\surefirebooter-20250801034701438_3.jar"/>
    <property name="user.script" value=""/>
    <property name="sun.management.compiler" value="HotSpot 64-Bit Tiered Compilers"/>
    <property name="java.runtime.version" value="24.0.1+9-30"/>
    <property name="user.name" value="luisa"/>
=======
    <property name="os.name" value="Windows 10"/>
    <property name="java.vm.specification.version" value="24"/>
    <property name="sun.java.launcher" value="SUN_STANDARD"/>
    <property name="user.country" value="VE"/>
    <property name="sun.boot.library.path" value="C:\Program Files\Java\jdk-24\bin"/>
    <property name="sun.java.command" value="C:\Users\ltuser\AppData\Local\Temp\surefire13651117977259369327\surefirebooter-20250801032155565_3.jar C:\Users\ltuser\AppData\Local\Temp\surefire13651117977259369327 2025-08-01T03-21-53_675-jvmRun1 surefire-20250801032155565_1tmp surefire_0-20250801032155565_2tmp"/>
    <property name="jdk.debug" value="release"/>
    <property name="surefire.test.class.path" value="c:\Users\ltuser\OneDrive - Cruz Roja Venezolana\Documentos\IS-12-C1\target\test-classes;c:\Users\ltuser\OneDrive - Cruz Roja Venezolana\Documentos\IS-12-C1\target\classes;C:\Users\ltuser\.m2\repository\org\junit\jupiter\junit-jupiter\5.10.2\junit-jupiter-5.10.2.jar;C:\Users\ltuser\.m2\repository\org\junit\jupiter\junit-jupiter-api\5.10.2\junit-jupiter-api-5.10.2.jar;C:\Users\ltuser\.m2\repository\org\opentest4j\opentest4j\1.3.0\opentest4j-1.3.0.jar;C:\Users\ltuser\.m2\repository\org\junit\platform\junit-platform-commons\1.10.2\junit-platform-commons-1.10.2.jar;C:\Users\ltuser\.m2\repository\org\apiguardian\apiguardian-api\1.1.2\apiguardian-api-1.1.2.jar;C:\Users\ltuser\.m2\repository\org\junit\jupiter\junit-jupiter-params\5.10.2\junit-jupiter-params-5.10.2.jar;C:\Users\ltuser\.m2\repository\org\junit\jupiter\junit-jupiter-engine\5.10.2\junit-jupiter-engine-5.10.2.jar;C:\Users\ltuser\.m2\repository\org\junit\platform\junit-platform-engine\1.10.2\junit-platform-engine-1.10.2.jar;C:\Users\ltuser\.m2\repository\com\toedter\jcalendar\1.4\jcalendar-1.4.jar;"/>
    <property name="sun.cpu.endian" value="little"/>
    <property name="user.home" value="C:\Users\ltuser"/>
    <property name="user.language" value="es"/>
    <property name="java.specification.vendor" value="Oracle Corporation"/>
    <property name="java.version.date" value="2025-07-15"/>
    <property name="java.home" value="C:\Program Files\Java\jdk-24"/>
    <property name="file.separator" value="\"/>
    <property name="basedir" value="c:\Users\ltuser\OneDrive - Cruz Roja Venezolana\Documentos\IS-12-C1"/>
    <property name="java.vm.compressedOopsMode" value="32-bit"/>
    <property name="line.separator" value="&#10;"/>
    <property name="java.vm.specification.vendor" value="Oracle Corporation"/>
    <property name="java.specification.name" value="Java Platform API Specification"/>
    <property name="surefire.real.class.path" value="C:\Users\ltuser\AppData\Local\Temp\surefire13651117977259369327\surefirebooter-20250801032155565_3.jar"/>
    <property name="user.script" value=""/>
    <property name="sun.management.compiler" value="HotSpot 64-Bit Tiered Compilers"/>
    <property name="java.runtime.version" value="24.0.2+12-54"/>
    <property name="user.name" value="Barbara Ravelo"/>
>>>>>>> 5ab0f945118ab51c788111386ddee8ecf7766ae5
    <property name="stdout.encoding" value="Cp1252"/>
    <property name="path.separator" value=";"/>
    <property name="os.version" value="10.0"/>
    <property name="java.runtime.name" value="Java(TM) SE Runtime Environment"/>
    <property name="file.encoding" value="UTF-8"/>
    <property name="java.vm.name" value="Java HotSpot(TM) 64-Bit Server VM"/>
<<<<<<< HEAD
    <property name="localRepository" value="C:\Users\luisa\.m2\repository"/>
    <property name="java.vendor.url.bug" value="https://bugreport.java.com/bugreport/"/>
    <property name="java.io.tmpdir" value="C:\Users\luisa\AppData\Local\Temp\"/>
    <property name="java.version" value="24.0.1"/>
    <property name="user.dir" value="D:\archivos\Documents\01 UCV\01-2025\ing software\IS-12-C1"/>
=======
    <property name="localRepository" value="C:\Users\ltuser\.m2\repository"/>
    <property name="java.vendor.url.bug" value="https://bugreport.java.com/bugreport/"/>
    <property name="java.io.tmpdir" value="C:\Users\ltuser\AppData\Local\Temp\"/>
    <property name="java.version" value="24.0.2"/>
    <property name="user.dir" value="c:\Users\ltuser\OneDrive - Cruz Roja Venezolana\Documentos\IS-12-C1"/>
>>>>>>> 5ab0f945118ab51c788111386ddee8ecf7766ae5
    <property name="os.arch" value="amd64"/>
    <property name="java.vm.specification.name" value="Java Virtual Machine Specification"/>
    <property name="sun.os.patch.level" value=""/>
    <property name="native.encoding" value="Cp1252"/>
<<<<<<< HEAD
    <property name="java.library.path" value="C:\Program Files\Java\jdk-24\bin;C:\WINDOWS\Sun\Java\bin;C:\WINDOWS\system32;C:\WINDOWS;C:\Program Files\Common Files\Oracle\Java\javapath;C:\Windows\system32;C:\Windows;C:\Windows\System32\Wbem;C:\Windows\System32\WindowsPowerShell\v1.0\;C:\Windows\System32\OpenSSH\;C:\Program Files (x86)\Print Conductor;C:\WINDOWS\system32;C:\WINDOWS;C:\WINDOWS\System32\Wbem;C:\WINDOWS\System32\WindowsPowerShell\v1.0\;C:\WINDOWS\System32\OpenSSH\;C:\Program Files\dotnet\;C:\Users\luisa\AppData\Local\Programs\Python\Python313\Scripts;C:\Program Files\Git\cmd;C:\Program Files\Java\jdk-24\bin;C:\Program Files\Apache\apache-maven-3.9.11\bin;C:\Users\luisa\AppData\Local\Programs\Python\Python313\Scripts\;C:\Users\luisa\AppData\Local\Programs\Python\Python313\;C:\Users\luisa\AppData\Local\Microsoft\WindowsApps;C:\Users\luisa\AppData\Local\Programs\Microsoft VS Code\bin;C:\msys64\ucrt64\bin;C:\Program Files (x86)\Print Conductor;C:\Users\luisa\AppData\Local\Microsoft\WindowsApps;;C:\Users\luisa\AppData\Local\Programs\Ollama;C:\Users\luisa\.lmstudio\bin;c:\Users\luisa\AppData\Roaming\Code\User\globalStorage\github.copilot-chat\debugCommand;."/>
    <property name="java.vm.info" value="mixed mode, sharing"/>
    <property name="stderr.encoding" value="Cp1252"/>
    <property name="java.vendor" value="Oracle Corporation"/>
    <property name="java.vm.version" value="24.0.1+9-30"/>
    <property name="sun.io.unicode.encoding" value="UnicodeLittle"/>
    <property name="java.class.version" value="68.0"/>
  </properties>
  <testcase name="testLoginCargaNombreYApellido" classname="com.ucveats.controller.AuthServiceLoginTest" time="0.12"/>
  <testcase name="testLoginCargaRolUcv" classname="com.ucveats.controller.AuthServiceLoginTest" time="0.016"/>
  <testcase name="testLoginValido" classname="com.ucveats.controller.AuthServiceLoginTest" time="0.014"/>
  <testcase name="testLoginCargaSaldoCorrectamente" classname="com.ucveats.controller.AuthServiceLoginTest" time="0.016"/>
  <testcase name="testLoginInvalido" classname="com.ucveats.controller.AuthServiceLoginTest" time="0.018"/>
=======
    <property name="java.library.path" value="C:\Program Files\Java\jdk-24\bin;C:\Windows\Sun\Java\bin;C:\Windows\system32;C:\Windows;C:\Windows\system32;C:\Windows;C:\Windows\System32\Wbem;C:\Windows\System32\WindowsPowerShell\v1.0\;C:\Windows\System32\OpenSSH\;C:\Users\ltuser\AppData\Local\mingw64\bin;C:\Users\ltuser\AppData\Local\Programs\Git\cmd;C:\Users\ltuser\AppData\Local\Programs\Git\bin\git.exe;C:\Program Files\Java\jdk-24\bin;C:\Program Files\Java\jdk-24;C:\Program Files\apache-maven-3.9.11\bin;C:\Program Files\Java\jre1.8.0_451;C:\Program Files\Java\jre1.8.0_451\bin;C:\Users\ltuser\AppData\Local\Programs\Python\Python313\Scripts\;C:\Users\ltuser\AppData\Local\Programs\Python\Python313\;C:\Users\ltuser\AppData\Local\Microsoft\WindowsApps;C:\Users\ltuser\w64devkit\bin;C:\Users\ltuser\AppData\Local\Programs\Microsoft VS Code\bin;C:\Users\ltuser\AppData\Local\GitHubDesktop\bin;C:\Users\ltuser\AppData\Local\Programs\Git\cmd;."/>
    <property name="java.vm.info" value="mixed mode, sharing"/>
    <property name="stderr.encoding" value="Cp1252"/>
    <property name="java.vendor" value="Oracle Corporation"/>
    <property name="java.vm.version" value="24.0.2+12-54"/>
    <property name="sun.io.unicode.encoding" value="UnicodeLittle"/>
    <property name="java.class.version" value="68.0"/>
  </properties>
  <testcase name="testLoginCargaNombreYApellido" classname="com.ucveats.controller.AuthServiceLoginTest" time="0.288"/>
  <testcase name="testLoginCargaRolUcv" classname="com.ucveats.controller.AuthServiceLoginTest" time="0.023"/>
  <testcase name="testLoginValido" classname="com.ucveats.controller.AuthServiceLoginTest" time="0.02"/>
  <testcase name="testLoginCargaSaldoCorrectamente" classname="com.ucveats.controller.AuthServiceLoginTest" time="0.019"/>
  <testcase name="testLoginInvalido" classname="com.ucveats.controller.AuthServiceLoginTest" time="0.017"/>
>>>>>>> 5ab0f945118ab51c788111386ddee8ecf7766ae5
</testsuite>